ProcessDataKC/android/app/build/intermediates/manifest_merge_blame_file/release/manifest-merger-blame-release-report.txt
1<?xml version="1.0" encoding="utf-8"?>
2<manifest xmlns:android="http://schemas.android.com/apk/res/android"
3    package="com.processdatakc"
4    android:versionCode="1"
5    android:versionName="1.0" >
6
7    <uses-sdk
8        android:minSdkVersion="21"
8-->src/main/AndroidManifest.xml
9        android:targetSdkVersion="29" />
9-->src/main/AndroidManifest.xml
10
11    <uses-permission android:name="android.permission.INTERNET" />
11-->src/main/AndroidManifest.xml:4:5-67
11-->src/main/AndroidManifest.xml:4:22-64
12    <uses-permission android:name="android.permission.WAKE_LOCK" />
12-->[:react-native-firebase_auth] AndroidManifest.xml:12:5-68
12-->[:react-native-firebase_auth] AndroidManifest.xml:12:22-65
13    <uses-permission android:name="android.permission.ACCESS_NETWORK_STATE" />
13-->[:react-native-firebase_auth] AndroidManifest.xml:13:5-79
13-->[:react-native-firebase_auth] AndroidManifest.xml:13:22-76
14
15    <application
15-->src/main/AndroidManifest.xml:6:5-23:19
16        android:name="com.processdatakc.MainApplication"
16-->src/main/AndroidManifest.xml:7:7-38
17        android:allowBackup="false"
17-->src/main/AndroidManifest.xml:10:7-34
18        android:appComponentFactory="androidx.core.app.CoreComponentFactory"
18-->[androidx.core:core:1.2.0] AndroidManifest.xml:24:18-86
19        android:icon="@mipmap/ic_launcher"
19-->src/main/AndroidManifest.xml:9:7-41
20        android:label="@string/app_name"
20-->src/main/AndroidManifest.xml:8:7-39
21        android:theme="@style/AppTheme" >
21-->src/main/AndroidManifest.xml:11:7-38
22        <activity
22-->src/main/AndroidManifest.xml:12:7-22:18
23            android:name="com.processdatakc.MainActivity"
23-->src/main/AndroidManifest.xml:13:9-37
24            android:configChanges="keyboard|keyboardHidden|orientation|screenSize|uiMode"
24-->src/main/AndroidManifest.xml:15:9-86
25            android:label="@string/app_name"
25-->src/main/AndroidManifest.xml:14:9-41
26            android:launchMode="singleTask"
26-->src/main/AndroidManifest.xml:16:9-40
27            android:windowSoftInputMode="adjustResize" >
27-->src/main/AndroidManifest.xml:17:9-51
28            <intent-filter>
28-->src/main/AndroidManifest.xml:18:9-21:25
29                <action android:name="android.intent.action.MAIN" />
29-->src/main/AndroidManifest.xml:19:13-65
29-->src/main/AndroidManifest.xml:19:21-62
30
31                <category android:name="android.intent.category.LAUNCHER" />
31-->src/main/AndroidManifest.xml:20:13-73
31-->src/main/AndroidManifest.xml:20:23-70
32            </intent-filter>
33        </activity>
34
35        <meta-data
35-->[:react-native-firebase_app] AndroidManifest.xml:12:9-14:36
36            android:name="app_data_collection_default_enabled"
36-->[:react-native-firebase_app] AndroidManifest.xml:13:13-63
37            android:value="true" />
37-->[:react-native-firebase_app] AndroidManifest.xml:14:13-33
38
39        <service
39-->[:react-native-firebase_app] AndroidManifest.xml:16:9-20:19
40            android:name="com.google.firebase.components.ComponentDiscoveryService"
40-->[:react-native-firebase_app] AndroidManifest.xml:16:18-89
41            android:directBootAware="true"
41-->[com.google.firebase:firebase-common:20.0.0] AndroidManifest.xml:35:13-43
42            android:exported="false" >
42-->[com.google.firebase:firebase-auth:21.0.1] AndroidManifest.xml:76:13-37
43            <meta-data
43-->[:react-native-firebase_app] AndroidManifest.xml:17:13-19:85
44                android:name="com.google.firebase.components:io.invertase.firebase.app.ReactNativeFirebaseAppRegistrar"
44-->[:react-native-firebase_app] AndroidManifest.xml:18:17-120
45                android:value="com.google.firebase.components.ComponentRegistrar" />
45-->[:react-native-firebase_app] AndroidManifest.xml:19:17-82
46            <meta-data
46-->[com.google.firebase:firebase-auth:21.0.1] AndroidManifest.xml:77:13-79:85
47                android:name="com.google.firebase.components:com.google.firebase.auth.FirebaseAuthRegistrar"
47-->[com.google.firebase:firebase-auth:21.0.1] AndroidManifest.xml:78:17-109
48                android:value="com.google.firebase.components.ComponentRegistrar" />
48-->[com.google.firebase:firebase-auth:21.0.1] AndroidManifest.xml:79:17-82
49            <meta-data
49-->[com.google.firebase:firebase-database:20.0.2] AndroidManifest.xml:32:13-34:85
50                android:name="com.google.firebase.components:com.google.firebase.database.DatabaseRegistrar"
50-->[com.google.firebase:firebase-database:20.0.2] AndroidManifest.xml:33:17-109
51                android:value="com.google.firebase.components.ComponentRegistrar" />
51-->[com.google.firebase:firebase-database:20.0.2] AndroidManifest.xml:34:17-82
52        </service>
53
54        <provider
54-->[:react-native-firebase_app] AndroidManifest.xml:22:9-26:38
55            android:name="io.invertase.firebase.app.ReactNativeFirebaseAppInitProvider"
55-->[:react-native-firebase_app] AndroidManifest.xml:23:13-88
56            android:authorities="com.processdatakc.reactnativefirebaseappinitprovider"
56-->[:react-native-firebase_app] AndroidManifest.xml:24:13-86
57            android:exported="false"
57-->[:react-native-firebase_app] AndroidManifest.xml:25:13-37
58            android:initOrder="99" />
58-->[:react-native-firebase_app] AndroidManifest.xml:26:13-35
59
60        <activity
60-->[com.google.firebase:firebase-auth:21.0.1] AndroidManifest.xml:27:9-44:20
61            android:name="com.google.firebase.auth.internal.GenericIdpActivity"
61-->[com.google.firebase:firebase-auth:21.0.1] AndroidManifest.xml:28:13-80
62            android:excludeFromRecents="true"
62-->[com.google.firebase:firebase-auth:21.0.1] AndroidManifest.xml:29:13-46
63            android:exported="true"
63-->[com.google.firebase:firebase-auth:21.0.1] AndroidManifest.xml:30:13-36
64            android:launchMode="singleTask"
64-->[com.google.firebase:firebase-auth:21.0.1] AndroidManifest.xml:31:13-44
65            android:theme="@android:style/Theme.Translucent.NoTitleBar" >
65-->[com.google.firebase:firebase-auth:21.0.1] AndroidManifest.xml:32:13-72
66            <intent-filter>
66-->[com.google.firebase:firebase-auth:21.0.1] AndroidManifest.xml:33:13-43:29
67                <action android:name="android.intent.action.VIEW" />
67-->[com.google.firebase:firebase-auth:21.0.1] AndroidManifest.xml:34:17-69
67-->[com.google.firebase:firebase-auth:21.0.1] AndroidManifest.xml:34:25-66
68
69                <category android:name="android.intent.category.DEFAULT" />
69-->[com.google.firebase:firebase-auth:21.0.1] AndroidManifest.xml:36:17-76
69-->[com.google.firebase:firebase-auth:21.0.1] AndroidManifest.xml:36:27-73
70                <category android:name="android.intent.category.BROWSABLE" />
70-->[com.google.firebase:firebase-auth:21.0.1] AndroidManifest.xml:37:17-78
70-->[com.google.firebase:firebase-auth:21.0.1] AndroidManifest.xml:37:27-75
71
72                <data
72-->[com.google.firebase:firebase-auth:21.0.1] AndroidManifest.xml:39:17-42:51
73                    android:host="firebase.auth"
73-->[com.google.firebase:firebase-auth:21.0.1] AndroidManifest.xml:40:21-49
74                    android:path="/"
74-->[com.google.firebase:firebase-auth:21.0.1] AndroidManifest.xml:41:21-37
75                    android:scheme="genericidp" />
75-->[com.google.firebase:firebase-auth:21.0.1] AndroidManifest.xml:42:21-48
76            </intent-filter>
77        </activity>
78        <activity
78-->[com.google.firebase:firebase-auth:21.0.1] AndroidManifest.xml:45:9-62:20
79            android:name="com.google.firebase.auth.internal.RecaptchaActivity"
79-->[com.google.firebase:firebase-auth:21.0.1] AndroidManifest.xml:46:13-79
80            android:excludeFromRecents="true"
80-->[com.google.firebase:firebase-auth:21.0.1] AndroidManifest.xml:47:13-46
81            android:exported="true"
81-->[com.google.firebase:firebase-auth:21.0.1] AndroidManifest.xml:48:13-36
82            android:launchMode="singleTask"
82-->[com.google.firebase:firebase-auth:21.0.1] AndroidManifest.xml:49:13-44
83            android:theme="@android:style/Theme.Translucent.NoTitleBar" >
83-->[com.google.firebase:firebase-auth:21.0.1] AndroidManifest.xml:50:13-72
84            <intent-filter>
84-->[com.google.firebase:firebase-auth:21.0.1] AndroidManifest.xml:51:13-61:29
85                <action android:name="android.intent.action.VIEW" />
85-->[com.google.firebase:firebase-auth:21.0.1] AndroidManifest.xml:34:17-69
85-->[com.google.firebase:firebase-auth:21.0.1] AndroidManifest.xml:34:25-66
86
87                <category android:name="android.intent.category.DEFAULT" />
87-->[com.google.firebase:firebase-auth:21.0.1] AndroidManifest.xml:36:17-76
87-->[com.google.firebase:firebase-auth:21.0.1] AndroidManifest.xml:36:27-73
88                <category android:name="android.intent.category.BROWSABLE" />
88-->[com.google.firebase:firebase-auth:21.0.1] AndroidManifest.xml:37:17-78
88-->[com.google.firebase:firebase-auth:21.0.1] AndroidManifest.xml:37:27-75
89
90                <data
90-->[com.google.firebase:firebase-auth:21.0.1] AndroidManifest.xml:39:17-42:51
91                    android:host="firebase.auth"
91-->[com.google.firebase:firebase-auth:21.0.1] AndroidManifest.xml:40:21-49
92                    android:path="/"
92-->[com.google.firebase:firebase-auth:21.0.1] AndroidManifest.xml:41:21-37
93                    android:scheme="recaptcha" />
93-->[com.google.firebase:firebase-auth:21.0.1] AndroidManifest.xml:42:21-48
94            </intent-filter>
95        </activity>
96
97        <service
97-->[com.google.firebase:firebase-auth:21.0.1] AndroidManifest.xml:64:9-73:19
98            android:name="com.google.firebase.auth.api.fallback.service.FirebaseAuthFallbackService"
98-->[com.google.firebase:firebase-auth:21.0.1] AndroidManifest.xml:65:13-101
99            android:enabled="true"
99-->[com.google.firebase:firebase-auth:21.0.1] AndroidManifest.xml:66:13-35
100            android:exported="false" >
100-->[com.google.firebase:firebase-auth:21.0.1] AndroidManifest.xml:67:13-37
101            <intent-filter>
101-->[com.google.firebase:firebase-auth:21.0.1] AndroidManifest.xml:68:13-72:29
102                <action android:name="com.google.firebase.auth.api.gms.service.START" />
102-->[com.google.firebase:firebase-auth:21.0.1] AndroidManifest.xml:69:17-89
102-->[com.google.firebase:firebase-auth:21.0.1] AndroidManifest.xml:69:25-86
103
104                <category android:name="android.intent.category.DEFAULT" />
104-->[com.google.firebase:firebase-auth:21.0.1] AndroidManifest.xml:36:17-76
104-->[com.google.firebase:firebase-auth:21.0.1] AndroidManifest.xml:36:27-73
105            </intent-filter>
106        </service>
107
108        <activity
108-->[com.google.android.gms:play-services-auth:19.2.0] AndroidManifest.xml:23:9-27:75
109            android:name="com.google.android.gms.auth.api.signin.internal.SignInHubActivity"
109-->[com.google.android.gms:play-services-auth:19.2.0] AndroidManifest.xml:24:13-93
110            android:excludeFromRecents="true"
110-->[com.google.android.gms:play-services-auth:19.2.0] AndroidManifest.xml:25:13-46
111            android:exported="false"
111-->[com.google.android.gms:play-services-auth:19.2.0] AndroidManifest.xml:26:13-37
112            android:theme="@android:style/Theme.Translucent.NoTitleBar" />
112-->[com.google.android.gms:play-services-auth:19.2.0] AndroidManifest.xml:27:13-72
113        <!--
114            Service handling Google Sign-In user revocation. For apps that do not integrate with
115            Google Sign-In, this service will never be started.
116        -->
117        <service
117-->[com.google.android.gms:play-services-auth:19.2.0] AndroidManifest.xml:33:9-37:51
118            android:name="com.google.android.gms.auth.api.signin.RevocationBoundService"
118-->[com.google.android.gms:play-services-auth:19.2.0] AndroidManifest.xml:34:13-89
119            android:exported="true"
119-->[com.google.android.gms:play-services-auth:19.2.0] AndroidManifest.xml:35:13-36
120            android:permission="com.google.android.gms.auth.api.signin.permission.REVOCATION_NOTIFICATION"
120-->[com.google.android.gms:play-services-auth:19.2.0] AndroidManifest.xml:36:13-107
121            android:visibleToInstantApps="true" />
121-->[com.google.android.gms:play-services-auth:19.2.0] AndroidManifest.xml:37:13-48
122
123        <activity
123-->[com.google.android.gms:play-services-base:17.5.0] AndroidManifest.xml:23:9-26:75
124            android:name="com.google.android.gms.common.api.GoogleApiActivity"
124-->[com.google.android.gms:play-services-base:17.5.0] AndroidManifest.xml:24:13-79
125            android:exported="false"
125-->[com.google.android.gms:play-services-base:17.5.0] AndroidManifest.xml:25:13-37
126            android:theme="@android:style/Theme.Translucent.NoTitleBar" />
126-->[com.google.android.gms:play-services-base:17.5.0] AndroidManifest.xml:26:13-72
127
128        <provider
128-->[com.google.firebase:firebase-common:20.0.0] AndroidManifest.xml:26:9-31:39
129            android:name="com.google.firebase.provider.FirebaseInitProvider"
129-->[com.google.firebase:firebase-common:20.0.0] AndroidManifest.xml:27:13-77
130            android:authorities="com.processdatakc.firebaseinitprovider"
130-->[com.google.firebase:firebase-common:20.0.0] AndroidManifest.xml:28:13-72
131            android:directBootAware="true"
131-->[com.google.firebase:firebase-common:20.0.0] AndroidManifest.xml:29:13-43
132            android:exported="false"
132-->[com.google.firebase:firebase-common:20.0.0] AndroidManifest.xml:30:13-37
133            android:initOrder="100" />
133-->[com.google.firebase:firebase-common:20.0.0] AndroidManifest.xml:31:13-36
134
135        <meta-data
135-->[com.google.android.gms:play-services-basement:17.5.0] AndroidManifest.xml:23:9-25:69
136            android:name="com.google.android.gms.version"
136-->[com.google.android.gms:play-services-basement:17.5.0] AndroidManifest.xml:24:13-58
137            android:value="@integer/google_play_services_version" />
137-->[com.google.android.gms:play-services-basement:17.5.0] AndroidManifest.xml:25:13-66
138    </application>
139
140</manifest>